consumerapp/build/intermediates/manifest_merge_blame_file/debug/manifest-merger-blame-debug-report.txt
1<?xml version="1.0" encoding="utf-8"?>
2<manifest xmlns:android="http://schemas.android.com/apk/res/android"
3    package="com.dicoding.consumerapp"
4    android:versionCode="1"
5    android:versionName="1.0" >
6
7    <uses-sdk
8        android:minSdkVersion="21"
8-->src\main\AndroidManifest.xml
9        android:targetSdkVersion="30" />
9-->src\main\AndroidManifest.xml
10
11    <uses-permission android:name="android.permission.INTERNET" />
11-->src\main\AndroidManifest.xml:5:5-67
11-->src\main\AndroidManifest.xml:5:22-64
12    <uses-permission android:name="com.dicoding.githubuser.READ_DATABASE" />
12-->src\main\AndroidManifest.xml:6:5-77
12-->src\main\AndroidManifest.xml:6:22-74
13    <uses-permission android:name="com.dicoding.githubuser.WRITE_DATABASE" />
13-->src\main\AndroidManifest.xml:7:5-78
13-->src\main\AndroidManifest.xml:7:22-75
14
15    <permission
15-->src\main\AndroidManifest.xml:8:5-105
16        android:name="com.dicoding.consumerapp.READ_DATABASE"
16-->src\main\AndroidManifest.xml:8:17-70
17        android:protectionLevel="normal" />
17-->src\main\AndroidManifest.xml:8:71-103
18    <permission
18-->src\main\AndroidManifest.xml:9:5-106
19        android:name="com.dicoding.consumerapp.WRITE_DATABASE"
19-->src\main\AndroidManifest.xml:9:17-71
20        android:protectionLevel="normal" />
20-->src\main\AndroidManifest.xml:9:72-104
21
22    <queries>
22-->src\main\AndroidManifest.xml:44:5-46:15
23        <package android:name="com.dicoding.githubuser" />
23-->src\main\AndroidManifest.xml:45:9-59
23-->src\main\AndroidManifest.xml:45:18-56
24    </queries>
25
26    <application
26-->src\main\AndroidManifest.xml:11:5-42:19
27        android:allowBackup="true"
27-->src\main\AndroidManifest.xml:12:9-35
28        android:appComponentFactory="androidx.core.app.CoreComponentFactory"
28-->[androidx.core:core:1.6.0] AndroidManifest.xml:24:18-86
29        android:debuggable="true"
30        android:fullBackupContent="@xml/backup_descriptor"
30-->src\main\AndroidManifest.xml:13:9-59
31        android:icon="@mipmap/ic_launcher"
31-->src\main\AndroidManifest.xml:14:9-43
32        android:label="@string/app_name"
32-->src\main\AndroidManifest.xml:15:9-41
33        android:roundIcon="@mipmap/ic_launcher_round"
33-->src\main\AndroidManifest.xml:16:9-54
34        android:supportsRtl="true"
34-->src\main\AndroidManifest.xml:17:9-35
35        android:testOnly="true"
36        android:theme="@style/Theme.GithubUser"
36-->src\main\AndroidManifest.xml:18:9-48
37        android:usesCleartextTraffic="true" >
37-->src\main\AndroidManifest.xml:19:9-44
38        <receiver
38-->src\main\AndroidManifest.xml:20:9-23:39
39            android:name="com.dicoding.consumerapp.receiver.AlarmReceiver"
39-->src\main\AndroidManifest.xml:21:13-51
40            android:enabled="true"
40-->src\main\AndroidManifest.xml:22:13-35
41            android:exported="true" />
41-->src\main\AndroidManifest.xml:23:13-36
42
43        <activity
43-->src\main\AndroidManifest.xml:25:9-29:67
44            android:name="com.dicoding.consumerapp.activity.FavoriteActivity"
44-->src\main\AndroidManifest.xml:26:13-54
45            android:exported="true"
45-->src\main\AndroidManifest.xml:27:13-36
46            android:label="@string/title_activity_favorite"
46-->src\main\AndroidManifest.xml:28:13-60
47            android:theme="@style/Theme.GithubUser.NoActionBar" />
47-->src\main\AndroidManifest.xml:29:13-64
48        <activity android:name="com.dicoding.consumerapp.activity.DetailActivity" />
48-->src\main\AndroidManifest.xml:30:9-61
48-->src\main\AndroidManifest.xml:30:19-58
49        <activity android:name="com.dicoding.consumerapp.activity.UserListActivity" />
49-->src\main\AndroidManifest.xml:31:9-63
49-->src\main\AndroidManifest.xml:31:19-60
50        <activity android:name="com.dicoding.consumerapp.activity.PreferenceActivity" />
50-->src\main\AndroidManifest.xml:32:9-65
50-->src\main\AndroidManifest.xml:32:19-62
51        <activity
51-->src\main\AndroidManifest.xml:33:9-41:20
52            android:name="com.dicoding.consumerapp.activity.SplashScreenActivity"
52-->src\main\AndroidManifest.xml:34:13-58
53            android:theme="@style/AppTheme.noActionBar" >
53-->src\main\AndroidManifest.xml:35:13-56
54            <intent-filter>
54-->src\main\AndroidManifest.xml:36:13-40:29
55                <action android:name="android.intent.action.MAIN" />
55-->src\main\AndroidManifest.xml:37:17-69
55-->src\main\AndroidManifest.xml:37:25-66
56
57                <category android:name="android.intent.category.LAUNCHER" />
57-->src\main\AndroidManifest.xml:39:17-77
57-->src\main\AndroidManifest.xml:39:27-74
58            </intent-filter>
59        </activity>
60
61        <provider
61-->[androidx.lifecycle:lifecycle-process:2.2.0] AndroidManifest.xml:25:9-29:43
62            android:name="androidx.lifecycle.ProcessLifecycleOwnerInitializer"
62-->[androidx.lifecycle:lifecycle-process:2.2.0] AndroidManifest.xml:26:13-79
63            android:authorities="com.dicoding.consumerapp.lifecycle-process"
63-->[androidx.lifecycle:lifecycle-process:2.2.0] AndroidManifest.xml:27:13-69
64            android:exported="false"
64-->[androidx.lifecycle:lifecycle-process:2.2.0] AndroidManifest.xml:28:13-37
65            android:multiprocess="true" />
65-->[androidx.lifecycle:lifecycle-process:2.2.0] AndroidManifest.xml:29:13-40
66    </application>
67
68</manifest>